<?xml version="1.0" encoding="UTF-8"?>
<!-- Generated by org.testng.reporters.JUnitXMLReporter -->
<testsuite hostname="DESKTOP-KFC89GU" ignored="0" name="Test" tests="3" failures="0" timestamp="2021-04-24T16:33:25 EDT" time="20.784" errors="0">
  <testcase name="FacebookLogin" time="7.008" classname="Social.CosialMedia.FacebookTest"/>
  <testcase name="TwitterLogin" time="6.678" classname="Social.CosialMedia.TwitterTest"/>
  <testcase name="mayspaeLogin" time="7.031" classname="Social.CosialMedia.TwitterTest"/>
</testsuite> <!-- Test -->
