<?xml version="1.0" encoding="UTF-8"?>
<testsuite xmlns:xsi="http://www.w3.org/2001/XMLSchema-instance" xsi:noNamespaceSchemaLocation="https://maven.apache.org/surefire/maven-surefire-plugin/xsd/surefire-test-report-3.0.xsd" version="3.0" name="TestSuite" time="22.093" tests="3" errors="0" skipped="0" failures="0">
  <properties>
[...]
</properties>
  <testcase name="FacebookLogin" classname="Social.CosialMedia.FacebookTest" time="7.036">
    <system-out><![CDATA[Facebook Login Successfully
]]></system-out>
    <system-err><![CDATA[SLF4J: Failed to load class "org.slf4j.impl.StaticLoggerBinder".
SLF4J: Defaulting to no-operation (NOP) logger implementation
SLF4J: See http://www.slf4j.org/codes.html#StaticLoggerBinder for further details.
Starting ChromeDriver 89.0.4389.23 (61b08ee2c50024bab004e48d2b1b083cdbdac579-refs/branch-heads/4389@{#294}) on port 4172
Only local connections are allowed.
Please see https://chromedriver.chromium.org/security-considerations for suggestions on keeping ChromeDriver safe.
ChromeDriver was started successfully.
Apr 24, 2021 4:33:08 PM org.openqa.selenium.remote.ProtocolHandshake createSession
INFO: Detected dialect: W3C
]]></system-err>
  </testcase>
  <testcase name="TwitterLogin" classname="Social.CosialMedia.TwitterTest" time="6.68">
    <system-out><![CDATA[Twitter Login Successfully
]]></system-out>
    <system-err><![CDATA[1619296393273	geckodriver	INFO	Listening on 127.0.0.1:26394
1619296393733	mozrunner::runner	INFO	Running command: "C:\\Program Files\\Mozilla Firefox\\firefox.exe" "--marionette" "-foreground" "-no-remote" "-profile" "C:\\WINDOWS\\TEMP\\rust_mozprofileglUnrZ"
1619296394344	Marionette	INFO	Marionette enabled
[GFX1-]: RcANGLE(no compositor window)
[GFX1-]: Failed to connect WebRenderBridgeChild.
[GFX1-]: Fallback (SW-)WR to Basic
console.warn: SearchSettings: "get: No settings file exists, new profile?" (new Error("", "(unknown module)"))
1619296396519	Marionette	INFO	Listening on port 53272
1619296397124	Marionette	WARN	TLS certificate errors will be ignored for this session
Apr 24, 2021 4:33:17 PM org.openqa.selenium.remote.ProtocolHandshake createSession
INFO: Detected dialect: W3C
]]></system-err>
  </testcase>
  <testcase name="mayspaeLogin" classname="Social.CosialMedia.TwitterTest" time="7.084">
    <system-out><![CDATA[google Login Successfully
]]></system-out>
    <system-err><![CDATA[1619296400093	geckodriver	INFO	Listening on 127.0.0.1:4043
1619296400557	mozrunner::runner	INFO	Running command: "C:\\Program Files\\Mozilla Firefox\\firefox.exe" "--marionette" "-foreground" "-no-remote" "-profile" "C:\\WINDOWS\\TEMP\\rust_mozprofile24OfVf"
1619296401251	Marionette	INFO	Marionette enabled
[GFX1-]: RcANGLE(no compositor window)
[GFX1-]: Failed to connect WebRenderBridgeChild.
[GFX1-]: Fallback (SW-)WR to Basic
console.warn: SearchSettings: "get: No settings file exists, new profile?" (new Error("", "(unknown module)"))
1619296403428	Marionette	INFO	Listening on port 53348
1619296404019	Marionette	WARN	TLS certificate errors will be ignored for this session
Apr 24, 2021 4:33:24 PM org.openqa.selenium.remote.ProtocolHandshake createSession
INFO: Detected dialect: W3C
]]></system-err>
  </testcase>
</testsuite>