<?xml version="1.0" encoding="UTF-8"?>
<testng-results skipped="0" failed="0" ignored="0" total="3" passed="3">
  <reporter-output>
  </reporter-output>
  <suite name="Suite" duration-ms="20784" started-at="2021-04-24T16:33:04 EDT" finished-at="2021-04-24T16:33:25 EDT">
    <groups>
    </groups>
    <test name="Test" duration-ms="20784" started-at="2021-04-24T16:33:04 EDT" finished-at="2021-04-24T16:33:25 EDT">
      <class name="Social.CosialMedia.TwitterTest">
        <test-method status="PASS" signature="TwitterLogin()[pri:0, instance:Social.CosialMedia.TwitterTest@3dd4520b]" name="TwitterLogin" duration-ms="6678" started-at="2021-04-24T16:33:11 EDT" finished-at="2021-04-24T16:33:18 EDT">
          <reporter-output>
          </reporter-output>
        </test-method> <!-- TwitterLogin -->
        <test-method status="PASS" signature="mayspaeLogin()[pri:0, instance:Social.CosialMedia.TwitterTest@3dd4520b]" name="mayspaeLogin" duration-ms="7031" started-at="2021-04-24T16:33:18 EDT" finished-at="2021-04-24T16:33:25 EDT">
          <reporter-output>
          </reporter-output>
        </test-method> <!-- mayspaeLogin -->
      </class> <!-- Social.CosialMedia.TwitterTest -->
      <class name="Social.CosialMedia.FacebookTest">
        <test-method status="PASS" signature="FacebookLogin()[pri:0, instance:Social.CosialMedia.FacebookTest@1d16f93d]" name="FacebookLogin" duration-ms="7008" started-at="2021-04-24T16:33:04 EDT" finished-at="2021-04-24T16:33:11 EDT">
          <reporter-output>
          </reporter-output>
        </test-method> <!-- FacebookLogin -->
      </class> <!-- Social.CosialMedia.FacebookTest -->
    </test> <!-- Test -->
  </suite> <!-- Suite -->
</testng-results>
