<?xml version="1.0" encoding="UTF-8"?>
<testng-results skipped="0" failed="1" ignored="0" total="1" passed="0">
  <reporter-output>
  </reporter-output>
  <suite name="Default suite" duration-ms="5876" started-at="2021-04-24T15:56:56 EDT" finished-at="2021-04-24T15:57:02 EDT">
    <groups>
    </groups>
    <test name="Default test" duration-ms="5876" started-at="2021-04-24T15:56:56 EDT" finished-at="2021-04-24T15:57:02 EDT">
      <class name="Social.CosialMedia.FacebookTest">
        <test-method status="FAIL" signature="FacebookLogin()[pri:0, instance:Social.CosialMedia.FacebookTest@4493d195]" name="FacebookLogin" duration-ms="5808" started-at="2021-04-24T15:56:56 EDT" finished-at="2021-04-24T15:57:02 EDT">
          <exception class="org.openqa.selenium.SessionNotCreatedException">
            <message>
              <![CDATA[session not created: This version of ChromeDriver only supports Chrome version 90
Current browser version is 89.0.4389.128 with binary path C:\Program Files (x86)\Google\Chrome\Application\chrome.exe
Build info: version: '3.141.59', revision: 'e82be7d358', time: '2018-11-14T08:17:03'
System info: host: 'DESKTOP-KFC89GU', ip: '192.168.86.44', os.name: 'Windows 10', os.arch: 'amd64', os.version: '10.0', java.version: '1.8.0_241'
Driver info: driver.version: ChromeDriver
remote stacktrace: Backtrace:
Ordinal0 [0x002DC013+2474003]
Ordinal0 [0x002729C1+2042305]
Ordinal0 [0x00182F68+1060712]
Ordinal0 [0x001A188E+1185934]
Ordinal0 [0x0019D600+1168896]
Ordinal0 [0x0019AA83+1157763]
Ordinal0 [0x001CA2A2+1352354]
Ordinal0 [0x001C8FAA+1347498]
Ordinal0 [0x001C66DB+1337051]
Ordinal0 [0x001A3427+1192999]
Ordinal0 [0x001A42EE+1196782]
Ordinal0 [0x001A4279+1196665]
GetHandleVerifier [0x004696FC+1590332]
GetHandleVerifier [0x00518614+2306900]
GetHandleVerifier [0x00369E93+543699]
GetHandleVerifier [0x003692CE+540686]
Ordinal0 [0x002786BA+2066106]
Ordinal0 [0x0027D1C8+2085320]
Ordinal0 [0x0027D308+2085640]
Ordinal0 [0x002867F3+2123763]
BaseThreadInitThunk [0x762AFA29+25]
RtlGetAppContainerNamedObjectPath [0x77987A4E+286]
RtlGetAppContainerNamedObjectPath [0x77987A1E+238]
(No symbol) [0x00000000]
]]>
            </message>
            <full-stacktrace>
              <![CDATA[org.openqa.selenium.SessionNotCreatedException: session not created: This version of ChromeDriver only supports Chrome version 90
Current browser version is 89.0.4389.128 with binary path C:\Program Files (x86)\Google\Chrome\Application\chrome.exe
Build info: version: '3.141.59', revision: 'e82be7d358', time: '2018-11-14T08:17:03'
System info: host: 'DESKTOP-KFC89GU', ip: '192.168.86.44', os.name: 'Windows 10', os.arch: 'amd64', os.version: '10.0', java.version: '1.8.0_241'
Driver info: driver.version: ChromeDriver
remote stacktrace: Backtrace:
Ordinal0 [0x002DC013+2474003]
Ordinal0 [0x002729C1+2042305]
Ordinal0 [0x00182F68+1060712]
Ordinal0 [0x001A188E+1185934]
Ordinal0 [0x0019D600+1168896]
Ordinal0 [0x0019AA83+1157763]
Ordinal0 [0x001CA2A2+1352354]
Ordinal0 [0x001C8FAA+1347498]
Ordinal0 [0x001C66DB+1337051]
Ordinal0 [0x001A3427+1192999]
Ordinal0 [0x001A42EE+1196782]
Ordinal0 [0x001A4279+1196665]
GetHandleVerifier [0x004696FC+1590332]
GetHandleVerifier [0x00518614+2306900]
GetHandleVerifier [0x00369E93+543699]
GetHandleVerifier [0x003692CE+540686]
Ordinal0 [0x002786BA+2066106]
Ordinal0 [0x0027D1C8+2085320]
Ordinal0 [0x0027D308+2085640]
Ordinal0 [0x002867F3+2123763]
BaseThreadInitThunk [0x762AFA29+25]
RtlGetAppContainerNamedObjectPath [0x77987A4E+286]
RtlGetAppContainerNamedObjectPath [0x77987A1E+238]
(No symbol) [0x00000000]

at sun.reflect.NativeConstructorAccessorImpl.newInstance0(Native Method)
at sun.reflect.NativeConstructorAccessorImpl.newInstance(Unknown Source)
at sun.reflect.DelegatingConstructorAccessorImpl.newInstance(Unknown Source)
at java.lang.reflect.Constructor.newInstance(Unknown Source)
at org.openqa.selenium.remote.W3CHandshakeResponse.lambda$errorHandler$0(W3CHandshakeResponse.java:62)
at org.openqa.selenium.remote.HandshakeResponse.lambda$getResponseFunction$0(HandshakeResponse.java:30)
at org.openqa.selenium.remote.ProtocolHandshake.lambda$createSession$0(ProtocolHandshake.java:126)
at java.util.stream.ReferencePipeline$3$1.accept(Unknown Source)
at java.util.Spliterators$ArraySpliterator.tryAdvance(Unknown Source)
at java.util.stream.ReferencePipeline.forEachWithCancel(Unknown Source)
at java.util.stream.AbstractPipeline.copyIntoWithCancel(Unknown Source)
at java.util.stream.AbstractPipeline.copyInto(Unknown Source)
at java.util.stream.AbstractPipeline.wrapAndCopyInto(Unknown Source)
at java.util.stream.FindOps$FindOp.evaluateSequential(Unknown Source)
at java.util.stream.AbstractPipeline.evaluate(Unknown Source)
at java.util.stream.ReferencePipeline.findFirst(Unknown Source)
at org.openqa.selenium.remote.ProtocolHandshake.createSession(ProtocolHandshake.java:128)
at org.openqa.selenium.remote.ProtocolHandshake.createSession(ProtocolHandshake.java:74)
at org.openqa.selenium.remote.HttpCommandExecutor.execute(HttpCommandExecutor.java:136)
at org.openqa.selenium.remote.service.DriverCommandExecutor.execute(DriverCommandExecutor.java:83)
at org.openqa.selenium.remote.RemoteWebDriver.execute(RemoteWebDriver.java:552)
at org.openqa.selenium.remote.RemoteWebDriver.startSession(RemoteWebDriver.java:213)
at org.openqa.selenium.remote.RemoteWebDriver.<init>(RemoteWebDriver.java:131)
at org.openqa.selenium.chrome.ChromeDriver.<init>(ChromeDriver.java:181)
at org.openqa.selenium.chrome.ChromeDriver.<init>(ChromeDriver.java:168)
at org.openqa.selenium.chrome.ChromeDriver.<init>(ChromeDriver.java:123)
at Social.CosialMedia.FacebookTest.FacebookLogin(FacebookTest.java:27)
at sun.reflect.NativeMethodAccessorImpl.invoke0(Native Method)
at sun.reflect.NativeMethodAccessorImpl.invoke(Unknown Source)
at sun.reflect.DelegatingMethodAccessorImpl.invoke(Unknown Source)
at java.lang.reflect.Method.invoke(Unknown Source)
at org.testng.internal.MethodInvocationHelper.invokeMethod(MethodInvocationHelper.java:133)
at org.testng.internal.TestInvoker.invokeMethod(TestInvoker.java:598)
at org.testng.internal.TestInvoker.invokeTestMethod(TestInvoker.java:173)
at org.testng.internal.MethodRunner.runInSequence(MethodRunner.java:46)
at org.testng.internal.TestInvoker$MethodInvocationAgent.invoke(TestInvoker.java:824)
at org.testng.internal.TestInvoker.invokeTestMethods(TestInvoker.java:146)
at org.testng.internal.TestMethodWorker.invokeTestMethods(TestMethodWorker.java:146)
at org.testng.internal.TestMethodWorker.run(TestMethodWorker.java:128)
at java.util.ArrayList.forEach(Unknown Source)
at org.testng.TestRunner.privateRun(TestRunner.java:794)
at org.testng.TestRunner.run(TestRunner.java:596)
at org.testng.SuiteRunner.runTest(SuiteRunner.java:377)
at org.testng.SuiteRunner.runSequentially(SuiteRunner.java:371)
at org.testng.SuiteRunner.privateRun(SuiteRunner.java:332)
at org.testng.SuiteRunner.run(SuiteRunner.java:276)
at org.testng.SuiteRunnerWorker.runSuite(SuiteRunnerWorker.java:53)
at org.testng.SuiteRunnerWorker.run(SuiteRunnerWorker.java:96)
at org.testng.TestNG.runSuitesSequentially(TestNG.java:1212)
at org.testng.TestNG.runSuitesLocally(TestNG.java:1134)
at org.testng.TestNG.runSuites(TestNG.java:1063)
at org.testng.TestNG.run(TestNG.java:1031)
at org.testng.remote.AbstractRemoteTestNG.run(AbstractRemoteTestNG.java:115)
at org.testng.remote.RemoteTestNG.initAndRun(RemoteTestNG.java:251)
at org.testng.remote.RemoteTestNG.main(RemoteTestNG.java:77)
]]>
            </full-stacktrace>
          </exception> <!-- org.openqa.selenium.SessionNotCreatedException -->
          <reporter-output>
          </reporter-output>
        </test-method> <!-- FacebookLogin -->
      </class> <!-- Social.CosialMedia.FacebookTest -->
    </test> <!-- Default test -->
  </suite> <!-- Default suite -->
</testng-results>
